<?xml version="1.0" encoding="utf-8"?>
<test-run id="2" name="Open-Lab-05.10.dll" fullname="C:/Users/onkom/source/repos/Open-Lab-05.10/Open-Lab-05.10/bin/Debug/netcoreapp3.0/Open-Lab-05.10.dll" testcasecount="100" result="Passed" start-time="2021-12-28 19:42:52Z" end-time="2021-12-28 19:42:52Z" duration="0.123619" total="100" passed="100" failed="0" inconclusive="0" skipped="0" asserts="100" random-seed="760086872">
  <command-line><![CDATA[C:\Users\onkom\source\repos\Open-Lab-05.10\Open-Lab-05.10\bin\Debug\netcoreapp3.0\Open-Lab-05.10.dll]]></command-line>
  <filter />
  <test-suite type="Assembly" id="1102" name="Open-Lab-05.10.dll" fullname="C:/Users/onkom/source/repos/Open-Lab-05.10/Open-Lab-05.10/bin/Debug/netcoreapp3.0/Open-Lab-05.10.dll" runstate="Runnable" testcasecount="100" result="Passed" start-time="2021-12-28 19:42:52Z" end-time="2021-12-28 19:42:52Z" duration="0.123619" total="100" passed="100" failed="0" warnings="0" inconclusive="0" skipped="0" asserts="100">
    <environment framework-version="3.12.0.0" clr-version="3.1.19" os-version="Microsoft Windows 10.0.19042" platform="Win32NT" cwd="C:\Users\onkom\source\repos\Open-Lab-05.10\Open-Lab-05.10\bin\Debug\netcoreapp3.0" machine-name="DESKTOP-7OQAPDJ" user="onkom" user-domain="DESKTOP-7OQAPDJ" culture="en-US" uiculture="en-US" os-architecture="x64" />
    <settings>
      <setting name="WorkDirectory" value="C:\Users\onkom\source\repos\Open-Lab-05.10\Open-Lab-05.10\bin\Debug\netcoreapp3.0" />
      <setting name="NumberOfTestWorkers" value="4" />
    </settings>
    <properties>
      <property name="_PID" value="13576" />
      <property name="_APPDOMAIN" value="Open-Lab-05.10" />
    </properties>
    <test-suite type="TestSuite" id="1103" name="Open_Lab_05" fullname="Open_Lab_05" runstate="Runnable" testcasecount="100" result="Passed" start-time="2021-12-28 19:42:52Z" end-time="2021-12-28 19:42:52Z" duration="0.108171" total="100" passed="100" failed="0" warnings="0" inconclusive="0" skipped="0" asserts="100">
      <test-suite type="TestSuite" id="1104" name="_10" fullname="Open_Lab_05._10" runstate="Runnable" testcasecount="100" result="Passed" start-time="2021-12-28 19:42:52Z" end-time="2021-12-28 19:42:52Z" duration="0.106089" total="100" passed="100" failed="0" warnings="0" inconclusive="0" skipped="0" asserts="100">
        <test-suite type="TestFixture" id="1000" name="Tests" fullname="Open_Lab_05._10.Tests" classname="Open_Lab_05._10.Tests" runstate="Runnable" testcasecount="100" result="Passed" start-time="2021-12-28 19:42:52Z" end-time="2021-12-28 19:42:52Z" duration="0.101523" total="100" passed="100" failed="0" warnings="0" inconclusive="0" skipped="0" asserts="100">
          <test-suite type="ParameterizedMethod" id="1101" name="ChallengeTest" fullname="Open_Lab_05._10.Tests.ChallengeTest" classname="Open_Lab_05._10.Tests" runstate="Runnable" testcasecount="100" result="Passed" start-time="2021-12-28 19:42:52Z" end-time="2021-12-28 19:42:52Z" duration="0.084786" total="100" passed="100" failed="0" warnings="0" inconclusive="0" skipped="0" asserts="100">
            <test-case id="1001" name="ChallengeTest(152,10)" fullname="Open_Lab_05._10.Tests.ChallengeTest(152,10)" methodname="ChallengeTest" classname="Open_Lab_05._10.Tests" runstate="Runnable" seed="689830424" result="Passed" start-time="2021-12-28 19:42:52Z" end-time="2021-12-28 19:42:52Z" duration="0.044574" asserts="1" />
            <test-case id="1002" name="ChallengeTest(832,48)" fullname="Open_Lab_05._10.Tests.ChallengeTest(832,48)" methodname="ChallengeTest" classname="Open_Lab_05._10.Tests" runstate="Runnable" seed="434775590" result="Passed" start-time="2021-12-28 19:42:52Z" end-time="2021-12-28 19:42:52Z" duration="0.000320" asserts="1" />
            <test-case id="1003" name="ChallengeTest(19,9)" fullname="Open_Lab_05._10.Tests.ChallengeTest(19,9)" methodname="ChallengeTest" classname="Open_Lab_05._10.Tests" runstate="Runnable" seed="1673101880" result="Passed" start-time="2021-12-28 19:42:52Z" end-time="2021-12-28 19:42:52Z" duration="0.000223" asserts="1" />
            <test-case id="1004" name="ChallengeTest(133,9)" fullname="Open_Lab_05._10.Tests.ChallengeTest(133,9)" methodname="ChallengeTest" classname="Open_Lab_05._10.Tests" runstate="Runnable" seed="564907028" result="Passed" start-time="2021-12-28 19:42:52Z" end-time="2021-12-28 19:42:52Z" duration="0.000099" asserts="1" />
            <test-case id="1005" name="ChallengeTest(939,243)" fullname="Open_Lab_05._10.Tests.ChallengeTest(939,243)" methodname="ChallengeTest" classname="Open_Lab_05._10.Tests" runstate="Runnable" seed="1175017098" result="Passed" start-time="2021-12-28 19:42:52Z" end-time="2021-12-28 19:42:52Z" duration="0.000080" asserts="1" />
            <test-case id="1006" name="ChallengeTest(51882,640)" fullname="Open_Lab_05._10.Tests.ChallengeTest(51882,640)" methodname="ChallengeTest" classname="Open_Lab_05._10.Tests" runstate="Runnable" seed="270199756" result="Passed" start-time="2021-12-28 19:42:52Z" end-time="2021-12-28 19:42:52Z" duration="0.000062" asserts="1" />
            <test-case id="1007" name="ChallengeTest(13323264,2592)" fullname="Open_Lab_05._10.Tests.ChallengeTest(13323264,2592)" methodname="ChallengeTest" classname="Open_Lab_05._10.Tests" runstate="Runnable" seed="1226183430" result="Passed" start-time="2021-12-28 19:42:52Z" end-time="2021-12-28 19:42:52Z" duration="0.001146" asserts="1" />
            <test-case id="1008" name="ChallengeTest(141,4)" fullname="Open_Lab_05._10.Tests.ChallengeTest(141,4)" methodname="ChallengeTest" classname="Open_Lab_05._10.Tests" runstate="Runnable" seed="1983629406" result="Passed" start-time="2021-12-28 19:42:52Z" end-time="2021-12-28 19:42:52Z" duration="0.000112" asserts="1" />
            <test-case id="1009" name="ChallengeTest(5,5)" fullname="Open_Lab_05._10.Tests.ChallengeTest(5,5)" methodname="ChallengeTest" classname="Open_Lab_05._10.Tests" runstate="Runnable" seed="1629083691" result="Passed" start-time="2021-12-28 19:42:52Z" end-time="2021-12-28 19:42:52Z" duration="0.000204" asserts="1" />
            <test-case id="1010" name="ChallengeTest(12,2)" fullname="Open_Lab_05._10.Tests.ChallengeTest(12,2)" methodname="ChallengeTest" classname="Open_Lab_05._10.Tests" runstate="Runnable" seed="561898135" result="Passed" start-time="2021-12-28 19:42:52Z" end-time="2021-12-28 19:42:52Z" duration="0.000089" asserts="1" />
            <test-case id="1011" name="ChallengeTest(5,5)" fullname="Open_Lab_05._10.Tests.ChallengeTest(5,5)" methodname="ChallengeTest" classname="Open_Lab_05._10.Tests" runstate="Runnable" seed="2130071962" result="Passed" start-time="2021-12-28 19:42:52Z" end-time="2021-12-28 19:42:52Z" duration="0.000075" asserts="1" />
            <test-case id="1012" name="ChallengeTest(5588,1600)" fullname="Open_Lab_05._10.Tests.ChallengeTest(5588,1600)" methodname="ChallengeTest" classname="Open_Lab_05._10.Tests" runstate="Runnable" seed="1297323764" result="Passed" start-time="2021-12-28 19:42:52Z" end-time="2021-12-28 19:42:52Z" duration="0.000262" asserts="1" />
            <test-case id="1013" name="ChallengeTest(8572271,7840)" fullname="Open_Lab_05._10.Tests.ChallengeTest(8572271,7840)" methodname="ChallengeTest" classname="Open_Lab_05._10.Tests" runstate="Runnable" seed="825420296" result="Passed" start-time="2021-12-28 19:42:52Z" end-time="2021-12-28 19:42:52Z" duration="0.000099" asserts="1" />
            <test-case id="1014" name="ChallengeTest(7,7)" fullname="Open_Lab_05._10.Tests.ChallengeTest(7,7)" methodname="ChallengeTest" classname="Open_Lab_05._10.Tests" runstate="Runnable" seed="547323311" result="Passed" start-time="2021-12-28 19:42:52Z" end-time="2021-12-28 19:42:52Z" duration="0.000220" asserts="1" />
            <test-case id="1015" name="ChallengeTest(34532423,8640)" fullname="Open_Lab_05._10.Tests.ChallengeTest(34532423,8640)" methodname="ChallengeTest" classname="Open_Lab_05._10.Tests" runstate="Runnable" seed="1871949671" result="Passed" start-time="2021-12-28 19:42:52Z" end-time="2021-12-28 19:42:52Z" duration="0.002028" asserts="1" />
            <test-case id="1016" name="ChallengeTest(892435,8640)" fullname="Open_Lab_05._10.Tests.ChallengeTest(892435,8640)" methodname="ChallengeTest" classname="Open_Lab_05._10.Tests" runstate="Runnable" seed="129541533" result="Passed" start-time="2021-12-28 19:42:52Z" end-time="2021-12-28 19:42:52Z" duration="0.000200" asserts="1" />
            <test-case id="1017" name="ChallengeTest(848355545,1920000)" fullname="Open_Lab_05._10.Tests.ChallengeTest(848355545,1920000)" methodname="ChallengeTest" classname="Open_Lab_05._10.Tests" runstate="Runnable" seed="111497122" result="Passed" start-time="2021-12-28 19:42:52Z" end-time="2021-12-28 19:42:52Z" duration="0.000066" asserts="1" />
            <test-case id="1018" name="ChallengeTest(931341,324)" fullname="Open_Lab_05._10.Tests.ChallengeTest(931341,324)" methodname="ChallengeTest" classname="Open_Lab_05._10.Tests" runstate="Runnable" seed="1307874760" result="Passed" start-time="2021-12-28 19:42:52Z" end-time="2021-12-28 19:42:52Z" duration="0.000067" asserts="1" />
            <test-case id="1019" name="ChallengeTest(796,378)" fullname="Open_Lab_05._10.Tests.ChallengeTest(796,378)" methodname="ChallengeTest" classname="Open_Lab_05._10.Tests" runstate="Runnable" seed="380223251" result="Passed" start-time="2021-12-28 19:42:52Z" end-time="2021-12-28 19:42:52Z" duration="0.000064" asserts="1" />
            <test-case id="1020" name="ChallengeTest(7494329,54432)" fullname="Open_Lab_05._10.Tests.ChallengeTest(7494329,54432)" methodname="ChallengeTest" classname="Open_Lab_05._10.Tests" runstate="Runnable" seed="265953057" result="Passed" start-time="2021-12-28 19:42:52Z" end-time="2021-12-28 19:42:52Z" duration="0.000058" asserts="1" />
            <test-case id="1021" name="ChallengeTest(61573972,79380)" fullname="Open_Lab_05._10.Tests.ChallengeTest(61573972,79380)" methodname="ChallengeTest" classname="Open_Lab_05._10.Tests" runstate="Runnable" seed="400856109" result="Passed" start-time="2021-12-28 19:42:52Z" end-time="2021-12-28 19:42:52Z" duration="0.000064" asserts="1" />
            <test-case id="1022" name="ChallengeTest(3791,189)" fullname="Open_Lab_05._10.Tests.ChallengeTest(3791,189)" methodname="ChallengeTest" classname="Open_Lab_05._10.Tests" runstate="Runnable" seed="762706072" result="Passed" start-time="2021-12-28 19:42:52Z" end-time="2021-12-28 19:42:52Z" duration="0.000064" asserts="1" />
            <test-case id="1023" name="ChallengeTest(5592358,54000)" fullname="Open_Lab_05._10.Tests.ChallengeTest(5592358,54000)" methodname="ChallengeTest" classname="Open_Lab_05._10.Tests" runstate="Runnable" seed="1355367145" result="Passed" start-time="2021-12-28 19:42:52Z" end-time="2021-12-28 19:42:52Z" duration="0.000055" asserts="1" />
            <test-case id="1024" name="ChallengeTest(73821999,244944)" fullname="Open_Lab_05._10.Tests.ChallengeTest(73821999,244944)" methodname="ChallengeTest" classname="Open_Lab_05._10.Tests" runstate="Runnable" seed="618184022" result="Passed" start-time="2021-12-28 19:42:52Z" end-time="2021-12-28 19:42:52Z" duration="0.000076" asserts="1" />
            <test-case id="1025" name="ChallengeTest(356,90)" fullname="Open_Lab_05._10.Tests.ChallengeTest(356,90)" methodname="ChallengeTest" classname="Open_Lab_05._10.Tests" runstate="Runnable" seed="1230640306" result="Passed" start-time="2021-12-28 19:42:52Z" end-time="2021-12-28 19:42:52Z" duration="0.000065" asserts="1" />
            <test-case id="1026" name="ChallengeTest(655847895,12096000)" fullname="Open_Lab_05._10.Tests.ChallengeTest(655847895,12096000)" methodname="ChallengeTest" classname="Open_Lab_05._10.Tests" runstate="Runnable" seed="1723181100" result="Passed" start-time="2021-12-28 19:42:52Z" end-time="2021-12-28 19:42:52Z" duration="0.000061" asserts="1" />
            <test-case id="1027" name="ChallengeTest(76,42)" fullname="Open_Lab_05._10.Tests.ChallengeTest(76,42)" methodname="ChallengeTest" classname="Open_Lab_05._10.Tests" runstate="Runnable" seed="328843683" result="Passed" start-time="2021-12-28 19:42:52Z" end-time="2021-12-28 19:42:52Z" duration="0.000056" asserts="1" />
            <test-case id="1028" name="ChallengeTest(8,8)" fullname="Open_Lab_05._10.Tests.ChallengeTest(8,8)" methodname="ChallengeTest" classname="Open_Lab_05._10.Tests" runstate="Runnable" seed="14838123" result="Passed" start-time="2021-12-28 19:42:52Z" end-time="2021-12-28 19:42:52Z" duration="0.000064" asserts="1" />
            <test-case id="1029" name="ChallengeTest(4195,180)" fullname="Open_Lab_05._10.Tests.ChallengeTest(4195,180)" methodname="ChallengeTest" classname="Open_Lab_05._10.Tests" runstate="Runnable" seed="1667059641" result="Passed" start-time="2021-12-28 19:42:52Z" end-time="2021-12-28 19:42:52Z" duration="0.000055" asserts="1" />
            <test-case id="1030" name="ChallengeTest(732919735,357210)" fullname="Open_Lab_05._10.Tests.ChallengeTest(732919735,357210)" methodname="ChallengeTest" classname="Open_Lab_05._10.Tests" runstate="Runnable" seed="1943562599" result="Passed" start-time="2021-12-28 19:42:52Z" end-time="2021-12-28 19:42:52Z" duration="0.000066" asserts="1" />
            <test-case id="1031" name="ChallengeTest(555791549,1417500)" fullname="Open_Lab_05._10.Tests.ChallengeTest(555791549,1417500)" methodname="ChallengeTest" classname="Open_Lab_05._10.Tests" runstate="Runnable" seed="1429640815" result="Passed" start-time="2021-12-28 19:42:52Z" end-time="2021-12-28 19:42:52Z" duration="0.000104" asserts="1" />
            <test-case id="1032" name="ChallengeTest(1932251,540)" fullname="Open_Lab_05._10.Tests.ChallengeTest(1932251,540)" methodname="ChallengeTest" classname="Open_Lab_05._10.Tests" runstate="Runnable" seed="1836582271" result="Passed" start-time="2021-12-28 19:42:52Z" end-time="2021-12-28 19:42:52Z" duration="0.000108" asserts="1" />
            <test-case id="1033" name="ChallengeTest(55,25)" fullname="Open_Lab_05._10.Tests.ChallengeTest(55,25)" methodname="ChallengeTest" classname="Open_Lab_05._10.Tests" runstate="Runnable" seed="1093858806" result="Passed" start-time="2021-12-28 19:42:52Z" end-time="2021-12-28 19:42:52Z" duration="0.000060" asserts="1" />
            <test-case id="1034" name="ChallengeTest(49,36)" fullname="Open_Lab_05._10.Tests.ChallengeTest(49,36)" methodname="ChallengeTest" classname="Open_Lab_05._10.Tests" runstate="Runnable" seed="257538404" result="Passed" start-time="2021-12-28 19:42:52Z" end-time="2021-12-28 19:42:52Z" duration="0.000141" asserts="1" />
            <test-case id="1035" name="ChallengeTest(333674,4536)" fullname="Open_Lab_05._10.Tests.ChallengeTest(333674,4536)" methodname="ChallengeTest" classname="Open_Lab_05._10.Tests" runstate="Runnable" seed="608605876" result="Passed" start-time="2021-12-28 19:42:52Z" end-time="2021-12-28 19:42:52Z" duration="0.000110" asserts="1" />
            <test-case id="1036" name="ChallengeTest(6,6)" fullname="Open_Lab_05._10.Tests.ChallengeTest(6,6)" methodname="ChallengeTest" classname="Open_Lab_05._10.Tests" runstate="Runnable" seed="2063276497" result="Passed" start-time="2021-12-28 19:42:52Z" end-time="2021-12-28 19:42:52Z" duration="0.000053" asserts="1" />
            <test-case id="1037" name="ChallengeTest(5732,210)" fullname="Open_Lab_05._10.Tests.ChallengeTest(5732,210)" methodname="ChallengeTest" classname="Open_Lab_05._10.Tests" runstate="Runnable" seed="1723494446" result="Passed" start-time="2021-12-28 19:42:52Z" end-time="2021-12-28 19:42:52Z" duration="0.000050" asserts="1" />
            <test-case id="1038" name="ChallengeTest(949,324)" fullname="Open_Lab_05._10.Tests.ChallengeTest(949,324)" methodname="ChallengeTest" classname="Open_Lab_05._10.Tests" runstate="Runnable" seed="539920524" result="Passed" start-time="2021-12-28 19:42:52Z" end-time="2021-12-28 19:42:52Z" duration="0.000058" asserts="1" />
            <test-case id="1039" name="ChallengeTest(9797118,31752)" fullname="Open_Lab_05._10.Tests.ChallengeTest(9797118,31752)" methodname="ChallengeTest" classname="Open_Lab_05._10.Tests" runstate="Runnable" seed="1337189777" result="Passed" start-time="2021-12-28 19:42:52Z" end-time="2021-12-28 19:42:52Z" duration="0.000051" asserts="1" />
            <test-case id="1040" name="ChallengeTest(967971,23814)" fullname="Open_Lab_05._10.Tests.ChallengeTest(967971,23814)" methodname="ChallengeTest" classname="Open_Lab_05._10.Tests" runstate="Runnable" seed="193141168" result="Passed" start-time="2021-12-28 19:42:52Z" end-time="2021-12-28 19:42:52Z" duration="0.000051" asserts="1" />
            <test-case id="1041" name="ChallengeTest(85679,15120)" fullname="Open_Lab_05._10.Tests.ChallengeTest(85679,15120)" methodname="ChallengeTest" classname="Open_Lab_05._10.Tests" runstate="Runnable" seed="1754474110" result="Passed" start-time="2021-12-28 19:42:52Z" end-time="2021-12-28 19:42:52Z" duration="0.000059" asserts="1" />
            <test-case id="1042" name="ChallengeTest(574574,19600)" fullname="Open_Lab_05._10.Tests.ChallengeTest(574574,19600)" methodname="ChallengeTest" classname="Open_Lab_05._10.Tests" runstate="Runnable" seed="785120153" result="Passed" start-time="2021-12-28 19:42:52Z" end-time="2021-12-28 19:42:52Z" duration="0.000059" asserts="1" />
            <test-case id="1043" name="ChallengeTest(47226443,32256)" fullname="Open_Lab_05._10.Tests.ChallengeTest(47226443,32256)" methodname="ChallengeTest" classname="Open_Lab_05._10.Tests" runstate="Runnable" seed="800744636" result="Passed" start-time="2021-12-28 19:42:52Z" end-time="2021-12-28 19:42:52Z" duration="0.000050" asserts="1" />
            <test-case id="1044" name="ChallengeTest(6337255,18900)" fullname="Open_Lab_05._10.Tests.ChallengeTest(6337255,18900)" methodname="ChallengeTest" classname="Open_Lab_05._10.Tests" runstate="Runnable" seed="864300837" result="Passed" start-time="2021-12-28 19:42:52Z" end-time="2021-12-28 19:42:52Z" duration="0.000058" asserts="1" />
            <test-case id="1045" name="ChallengeTest(586737461,846720)" fullname="Open_Lab_05._10.Tests.ChallengeTest(586737461,846720)" methodname="ChallengeTest" classname="Open_Lab_05._10.Tests" runstate="Runnable" seed="1423852317" result="Passed" start-time="2021-12-28 19:42:52Z" end-time="2021-12-28 19:42:52Z" duration="0.000060" asserts="1" />
            <test-case id="1046" name="ChallengeTest(5,5)" fullname="Open_Lab_05._10.Tests.ChallengeTest(5,5)" methodname="ChallengeTest" classname="Open_Lab_05._10.Tests" runstate="Runnable" seed="1328330787" result="Passed" start-time="2021-12-28 19:42:52Z" end-time="2021-12-28 19:42:52Z" duration="0.000053" asserts="1" />
            <test-case id="1047" name="ChallengeTest(523692246,155520)" fullname="Open_Lab_05._10.Tests.ChallengeTest(523692246,155520)" methodname="ChallengeTest" classname="Open_Lab_05._10.Tests" runstate="Runnable" seed="1940931553" result="Passed" start-time="2021-12-28 19:42:52Z" end-time="2021-12-28 19:42:52Z" duration="0.000064" asserts="1" />
            <test-case id="1048" name="ChallengeTest(362,36)" fullname="Open_Lab_05._10.Tests.ChallengeTest(362,36)" methodname="ChallengeTest" classname="Open_Lab_05._10.Tests" runstate="Runnable" seed="1525128355" result="Passed" start-time="2021-12-28 19:42:52Z" end-time="2021-12-28 19:42:52Z" duration="0.000071" asserts="1" />
            <test-case id="1049" name="ChallengeTest(94,36)" fullname="Open_Lab_05._10.Tests.ChallengeTest(94,36)" methodname="ChallengeTest" classname="Open_Lab_05._10.Tests" runstate="Runnable" seed="1625153797" result="Passed" start-time="2021-12-28 19:42:52Z" end-time="2021-12-28 19:42:52Z" duration="0.000050" asserts="1" />
            <test-case id="1050" name="ChallengeTest(25135,150)" fullname="Open_Lab_05._10.Tests.ChallengeTest(25135,150)" methodname="ChallengeTest" classname="Open_Lab_05._10.Tests" runstate="Runnable" seed="913142277" result="Passed" start-time="2021-12-28 19:42:52Z" end-time="2021-12-28 19:42:52Z" duration="0.000054" asserts="1" />
            <test-case id="1051" name="ChallengeTest(9,9)" fullname="Open_Lab_05._10.Tests.ChallengeTest(9,9)" methodname="ChallengeTest" classname="Open_Lab_05._10.Tests" runstate="Runnable" seed="463245877" result="Passed" start-time="2021-12-28 19:42:52Z" end-time="2021-12-28 19:42:52Z" duration="0.000055" asserts="1" />
            <test-case id="1052" name="ChallengeTest(2198564,17280)" fullname="Open_Lab_05._10.Tests.ChallengeTest(2198564,17280)" methodname="ChallengeTest" classname="Open_Lab_05._10.Tests" runstate="Runnable" seed="1365870126" result="Passed" start-time="2021-12-28 19:42:52Z" end-time="2021-12-28 19:42:52Z" duration="0.000047" asserts="1" />
            <test-case id="1053" name="ChallengeTest(324968931,279936)" fullname="Open_Lab_05._10.Tests.ChallengeTest(324968931,279936)" methodname="ChallengeTest" classname="Open_Lab_05._10.Tests" runstate="Runnable" seed="1704273694" result="Passed" start-time="2021-12-28 19:42:52Z" end-time="2021-12-28 19:42:52Z" duration="0.000047" asserts="1" />
            <test-case id="1054" name="ChallengeTest(259,90)" fullname="Open_Lab_05._10.Tests.ChallengeTest(259,90)" methodname="ChallengeTest" classname="Open_Lab_05._10.Tests" runstate="Runnable" seed="1399332329" result="Passed" start-time="2021-12-28 19:42:52Z" end-time="2021-12-28 19:42:52Z" duration="0.000054" asserts="1" />
            <test-case id="1055" name="ChallengeTest(289186,6912)" fullname="Open_Lab_05._10.Tests.ChallengeTest(289186,6912)" methodname="ChallengeTest" classname="Open_Lab_05._10.Tests" runstate="Runnable" seed="532453817" result="Passed" start-time="2021-12-28 19:42:52Z" end-time="2021-12-28 19:42:52Z" duration="0.000054" asserts="1" />
            <test-case id="1056" name="ChallengeTest(6114,24)" fullname="Open_Lab_05._10.Tests.ChallengeTest(6114,24)" methodname="ChallengeTest" classname="Open_Lab_05._10.Tests" runstate="Runnable" seed="1963971788" result="Passed" start-time="2021-12-28 19:42:52Z" end-time="2021-12-28 19:42:52Z" duration="0.000046" asserts="1" />
            <test-case id="1057" name="ChallengeTest(82251797,70560)" fullname="Open_Lab_05._10.Tests.ChallengeTest(82251797,70560)" methodname="ChallengeTest" classname="Open_Lab_05._10.Tests" runstate="Runnable" seed="1671827216" result="Passed" start-time="2021-12-28 19:42:52Z" end-time="2021-12-28 19:42:52Z" duration="0.000055" asserts="1" />
            <test-case id="1058" name="ChallengeTest(954846732,1451520)" fullname="Open_Lab_05._10.Tests.ChallengeTest(954846732,1451520)" methodname="ChallengeTest" classname="Open_Lab_05._10.Tests" runstate="Runnable" seed="890482045" result="Passed" start-time="2021-12-28 19:42:52Z" end-time="2021-12-28 19:42:52Z" duration="0.000058" asserts="1" />
            <test-case id="1059" name="ChallengeTest(485929478,5806080)" fullname="Open_Lab_05._10.Tests.ChallengeTest(485929478,5806080)" methodname="ChallengeTest" classname="Open_Lab_05._10.Tests" runstate="Runnable" seed="1914926676" result="Passed" start-time="2021-12-28 19:42:52Z" end-time="2021-12-28 19:42:52Z" duration="0.000047" asserts="1" />
            <test-case id="1060" name="ChallengeTest(62468,2304)" fullname="Open_Lab_05._10.Tests.ChallengeTest(62468,2304)" methodname="ChallengeTest" classname="Open_Lab_05._10.Tests" runstate="Runnable" seed="1599319645" result="Passed" start-time="2021-12-28 19:42:52Z" end-time="2021-12-28 19:42:52Z" duration="0.000054" asserts="1" />
            <test-case id="1061" name="ChallengeTest(816246362,82944)" fullname="Open_Lab_05._10.Tests.ChallengeTest(816246362,82944)" methodname="ChallengeTest" classname="Open_Lab_05._10.Tests" runstate="Runnable" seed="2088839720" result="Passed" start-time="2021-12-28 19:42:52Z" end-time="2021-12-28 19:42:52Z" duration="0.000058" asserts="1" />
            <test-case id="1062" name="ChallengeTest(5359,675)" fullname="Open_Lab_05._10.Tests.ChallengeTest(5359,675)" methodname="ChallengeTest" classname="Open_Lab_05._10.Tests" runstate="Runnable" seed="1211345307" result="Passed" start-time="2021-12-28 19:42:52Z" end-time="2021-12-28 19:42:52Z" duration="0.000046" asserts="1" />
            <test-case id="1063" name="ChallengeTest(482913,1728)" fullname="Open_Lab_05._10.Tests.ChallengeTest(482913,1728)" methodname="ChallengeTest" classname="Open_Lab_05._10.Tests" runstate="Runnable" seed="316569765" result="Passed" start-time="2021-12-28 19:42:52Z" end-time="2021-12-28 19:42:52Z" duration="0.000053" asserts="1" />
            <test-case id="1064" name="ChallengeTest(16,6)" fullname="Open_Lab_05._10.Tests.ChallengeTest(16,6)" methodname="ChallengeTest" classname="Open_Lab_05._10.Tests" runstate="Runnable" seed="1833004739" result="Passed" start-time="2021-12-28 19:42:52Z" end-time="2021-12-28 19:42:52Z" duration="0.000053" asserts="1" />
            <test-case id="1065" name="ChallengeTest(9223828,13824)" fullname="Open_Lab_05._10.Tests.ChallengeTest(9223828,13824)" methodname="ChallengeTest" classname="Open_Lab_05._10.Tests" runstate="Runnable" seed="1279740967" result="Passed" start-time="2021-12-28 19:42:52Z" end-time="2021-12-28 19:42:52Z" duration="0.000047" asserts="1" />
            <test-case id="1066" name="ChallengeTest(4,4)" fullname="Open_Lab_05._10.Tests.ChallengeTest(4,4)" methodname="ChallengeTest" classname="Open_Lab_05._10.Tests" runstate="Runnable" seed="293489691" result="Passed" start-time="2021-12-28 19:42:52Z" end-time="2021-12-28 19:42:52Z" duration="0.000052" asserts="1" />
            <test-case id="1067" name="ChallengeTest(76158597,529200)" fullname="Open_Lab_05._10.Tests.ChallengeTest(76158597,529200)" methodname="ChallengeTest" classname="Open_Lab_05._10.Tests" runstate="Runnable" seed="203464958" result="Passed" start-time="2021-12-28 19:42:52Z" end-time="2021-12-28 19:42:52Z" duration="0.000055" asserts="1" />
            <test-case id="1068" name="ChallengeTest(42288242,16384)" fullname="Open_Lab_05._10.Tests.ChallengeTest(42288242,16384)" methodname="ChallengeTest" classname="Open_Lab_05._10.Tests" runstate="Runnable" seed="567881892" result="Passed" start-time="2021-12-28 19:42:52Z" end-time="2021-12-28 19:42:52Z" duration="0.000048" asserts="1" />
            <test-case id="1069" name="ChallengeTest(776195,13230)" fullname="Open_Lab_05._10.Tests.ChallengeTest(776195,13230)" methodname="ChallengeTest" classname="Open_Lab_05._10.Tests" runstate="Runnable" seed="2086201082" result="Passed" start-time="2021-12-28 19:42:52Z" end-time="2021-12-28 19:42:52Z" duration="0.000059" asserts="1" />
            <test-case id="1070" name="ChallengeTest(41442,128)" fullname="Open_Lab_05._10.Tests.ChallengeTest(41442,128)" methodname="ChallengeTest" classname="Open_Lab_05._10.Tests" runstate="Runnable" seed="1956156821" result="Passed" start-time="2021-12-28 19:42:52Z" end-time="2021-12-28 19:42:52Z" duration="0.000069" asserts="1" />
            <test-case id="1071" name="ChallengeTest(2219786,12096)" fullname="Open_Lab_05._10.Tests.ChallengeTest(2219786,12096)" methodname="ChallengeTest" classname="Open_Lab_05._10.Tests" runstate="Runnable" seed="553530734" result="Passed" start-time="2021-12-28 19:42:52Z" end-time="2021-12-28 19:42:52Z" duration="0.000061" asserts="1" />
            <test-case id="1072" name="ChallengeTest(54,20)" fullname="Open_Lab_05._10.Tests.ChallengeTest(54,20)" methodname="ChallengeTest" classname="Open_Lab_05._10.Tests" runstate="Runnable" seed="1719060245" result="Passed" start-time="2021-12-28 19:42:52Z" end-time="2021-12-28 19:42:52Z" duration="0.000056" asserts="1" />
            <test-case id="1073" name="ChallengeTest(33583,1080)" fullname="Open_Lab_05._10.Tests.ChallengeTest(33583,1080)" methodname="ChallengeTest" classname="Open_Lab_05._10.Tests" runstate="Runnable" seed="2118168630" result="Passed" start-time="2021-12-28 19:42:52Z" end-time="2021-12-28 19:42:52Z" duration="0.000066" asserts="1" />
            <test-case id="1074" name="ChallengeTest(159,45)" fullname="Open_Lab_05._10.Tests.ChallengeTest(159,45)" methodname="ChallengeTest" classname="Open_Lab_05._10.Tests" runstate="Runnable" seed="187082083" result="Passed" start-time="2021-12-28 19:42:52Z" end-time="2021-12-28 19:42:52Z" duration="0.000069" asserts="1" />
            <test-case id="1075" name="ChallengeTest(36,18)" fullname="Open_Lab_05._10.Tests.ChallengeTest(36,18)" methodname="ChallengeTest" classname="Open_Lab_05._10.Tests" runstate="Runnable" seed="658962594" result="Passed" start-time="2021-12-28 19:42:52Z" end-time="2021-12-28 19:42:52Z" duration="0.000057" asserts="1" />
            <test-case id="1076" name="ChallengeTest(67,42)" fullname="Open_Lab_05._10.Tests.ChallengeTest(67,42)" methodname="ChallengeTest" classname="Open_Lab_05._10.Tests" runstate="Runnable" seed="1763219603" result="Passed" start-time="2021-12-28 19:42:52Z" end-time="2021-12-28 19:42:52Z" duration="0.000064" asserts="1" />
            <test-case id="1077" name="ChallengeTest(14454,320)" fullname="Open_Lab_05._10.Tests.ChallengeTest(14454,320)" methodname="ChallengeTest" classname="Open_Lab_05._10.Tests" runstate="Runnable" seed="2109445083" result="Passed" start-time="2021-12-28 19:42:52Z" end-time="2021-12-28 19:42:52Z" duration="0.000066" asserts="1" />
            <test-case id="1078" name="ChallengeTest(699794,122472)" fullname="Open_Lab_05._10.Tests.ChallengeTest(699794,122472)" methodname="ChallengeTest" classname="Open_Lab_05._10.Tests" runstate="Runnable" seed="491066308" result="Passed" start-time="2021-12-28 19:42:52Z" end-time="2021-12-28 19:42:52Z" duration="0.000058" asserts="1" />
            <test-case id="1079" name="ChallengeTest(55342,600)" fullname="Open_Lab_05._10.Tests.ChallengeTest(55342,600)" methodname="ChallengeTest" classname="Open_Lab_05._10.Tests" runstate="Runnable" seed="1341815352" result="Passed" start-time="2021-12-28 19:42:52Z" end-time="2021-12-28 19:42:52Z" duration="0.000065" asserts="1" />
            <test-case id="1080" name="ChallengeTest(7961839,81648)" fullname="Open_Lab_05._10.Tests.ChallengeTest(7961839,81648)" methodname="ChallengeTest" classname="Open_Lab_05._10.Tests" runstate="Runnable" seed="2049793166" result="Passed" start-time="2021-12-28 19:42:52Z" end-time="2021-12-28 19:42:52Z" duration="0.000153" asserts="1" />
            <test-case id="1081" name="ChallengeTest(596,270)" fullname="Open_Lab_05._10.Tests.ChallengeTest(596,270)" methodname="ChallengeTest" classname="Open_Lab_05._10.Tests" runstate="Runnable" seed="1929733194" result="Passed" start-time="2021-12-28 19:42:52Z" end-time="2021-12-28 19:42:52Z" duration="0.000057" asserts="1" />
            <test-case id="1082" name="ChallengeTest(313672817,42336)" fullname="Open_Lab_05._10.Tests.ChallengeTest(313672817,42336)" methodname="ChallengeTest" classname="Open_Lab_05._10.Tests" runstate="Runnable" seed="951198975" result="Passed" start-time="2021-12-28 19:42:52Z" end-time="2021-12-28 19:42:52Z" duration="0.000076" asserts="1" />
            <test-case id="1083" name="ChallengeTest(686479,72576)" fullname="Open_Lab_05._10.Tests.ChallengeTest(686479,72576)" methodname="ChallengeTest" classname="Open_Lab_05._10.Tests" runstate="Runnable" seed="537167973" result="Passed" start-time="2021-12-28 19:42:52Z" end-time="2021-12-28 19:42:52Z" duration="0.000070" asserts="1" />
            <test-case id="1084" name="ChallengeTest(7131,21)" fullname="Open_Lab_05._10.Tests.ChallengeTest(7131,21)" methodname="ChallengeTest" classname="Open_Lab_05._10.Tests" runstate="Runnable" seed="753917364" result="Passed" start-time="2021-12-28 19:42:52Z" end-time="2021-12-28 19:42:52Z" duration="0.000057" asserts="1" />
            <test-case id="1085" name="ChallengeTest(154363532,32400)" fullname="Open_Lab_05._10.Tests.ChallengeTest(154363532,32400)" methodname="ChallengeTest" classname="Open_Lab_05._10.Tests" runstate="Runnable" seed="1480316722" result="Passed" start-time="2021-12-28 19:42:52Z" end-time="2021-12-28 19:42:52Z" duration="0.000058" asserts="1" />
            <test-case id="1086" name="ChallengeTest(4,4)" fullname="Open_Lab_05._10.Tests.ChallengeTest(4,4)" methodname="ChallengeTest" classname="Open_Lab_05._10.Tests" runstate="Runnable" seed="63770689" result="Passed" start-time="2021-12-28 19:42:52Z" end-time="2021-12-28 19:42:52Z" duration="0.000062" asserts="1" />
            <test-case id="1087" name="ChallengeTest(64397251,45360)" fullname="Open_Lab_05._10.Tests.ChallengeTest(64397251,45360)" methodname="ChallengeTest" classname="Open_Lab_05._10.Tests" runstate="Runnable" seed="132308577" result="Passed" start-time="2021-12-28 19:42:52Z" end-time="2021-12-28 19:42:52Z" duration="0.000068" asserts="1" />
            <test-case id="1088" name="ChallengeTest(1,1)" fullname="Open_Lab_05._10.Tests.ChallengeTest(1,1)" methodname="ChallengeTest" classname="Open_Lab_05._10.Tests" runstate="Runnable" seed="1842010124" result="Passed" start-time="2021-12-28 19:42:52Z" end-time="2021-12-28 19:42:52Z" duration="0.000058" asserts="1" />
            <test-case id="1089" name="ChallengeTest(8545,800)" fullname="Open_Lab_05._10.Tests.ChallengeTest(8545,800)" methodname="ChallengeTest" classname="Open_Lab_05._10.Tests" runstate="Runnable" seed="1872568234" result="Passed" start-time="2021-12-28 19:42:52Z" end-time="2021-12-28 19:42:52Z" duration="0.000071" asserts="1" />
            <test-case id="1090" name="ChallengeTest(878384172,602112)" fullname="Open_Lab_05._10.Tests.ChallengeTest(878384172,602112)" methodname="ChallengeTest" classname="Open_Lab_05._10.Tests" runstate="Runnable" seed="792117735" result="Passed" start-time="2021-12-28 19:42:52Z" end-time="2021-12-28 19:42:52Z" duration="0.000066" asserts="1" />
            <test-case id="1091" name="ChallengeTest(55645,3000)" fullname="Open_Lab_05._10.Tests.ChallengeTest(55645,3000)" methodname="ChallengeTest" classname="Open_Lab_05._10.Tests" runstate="Runnable" seed="391449281" result="Passed" start-time="2021-12-28 19:42:52Z" end-time="2021-12-28 19:42:52Z" duration="0.000060" asserts="1" />
            <test-case id="1092" name="ChallengeTest(47836,4032)" fullname="Open_Lab_05._10.Tests.ChallengeTest(47836,4032)" methodname="ChallengeTest" classname="Open_Lab_05._10.Tests" runstate="Runnable" seed="833012401" result="Passed" start-time="2021-12-28 19:42:52Z" end-time="2021-12-28 19:42:52Z" duration="0.000073" asserts="1" />
            <test-case id="1093" name="ChallengeTest(19798,4536)" fullname="Open_Lab_05._10.Tests.ChallengeTest(19798,4536)" methodname="ChallengeTest" classname="Open_Lab_05._10.Tests" runstate="Runnable" seed="772477495" result="Passed" start-time="2021-12-28 19:42:52Z" end-time="2021-12-28 19:42:52Z" duration="0.000077" asserts="1" />
            <test-case id="1094" name="ChallengeTest(258275442,179200)" fullname="Open_Lab_05._10.Tests.ChallengeTest(258275442,179200)" methodname="ChallengeTest" classname="Open_Lab_05._10.Tests" runstate="Runnable" seed="1885353779" result="Passed" start-time="2021-12-28 19:42:52Z" end-time="2021-12-28 19:42:52Z" duration="0.000061" asserts="1" />
            <test-case id="1095" name="ChallengeTest(9,9)" fullname="Open_Lab_05._10.Tests.ChallengeTest(9,9)" methodname="ChallengeTest" classname="Open_Lab_05._10.Tests" runstate="Runnable" seed="251785095" result="Passed" start-time="2021-12-28 19:42:52Z" end-time="2021-12-28 19:42:52Z" duration="0.000068" asserts="1" />
            <test-case id="1096" name="ChallengeTest(45,20)" fullname="Open_Lab_05._10.Tests.ChallengeTest(45,20)" methodname="ChallengeTest" classname="Open_Lab_05._10.Tests" runstate="Runnable" seed="543128803" result="Passed" start-time="2021-12-28 19:42:52Z" end-time="2021-12-28 19:42:52Z" duration="0.000061" asserts="1" />
            <test-case id="1097" name="ChallengeTest(3615768,30240)" fullname="Open_Lab_05._10.Tests.ChallengeTest(3615768,30240)" methodname="ChallengeTest" classname="Open_Lab_05._10.Tests" runstate="Runnable" seed="468550388" result="Passed" start-time="2021-12-28 19:42:52Z" end-time="2021-12-28 19:42:52Z" duration="0.000055" asserts="1" />
            <test-case id="1098" name="ChallengeTest(76334,1512)" fullname="Open_Lab_05._10.Tests.ChallengeTest(76334,1512)" methodname="ChallengeTest" classname="Open_Lab_05._10.Tests" runstate="Runnable" seed="1115223544" result="Passed" start-time="2021-12-28 19:42:52Z" end-time="2021-12-28 19:42:52Z" duration="0.000066" asserts="1" />
            <test-case id="1099" name="ChallengeTest(9696167,122472)" fullname="Open_Lab_05._10.Tests.ChallengeTest(9696167,122472)" methodname="ChallengeTest" classname="Open_Lab_05._10.Tests" runstate="Runnable" seed="1732043517" result="Passed" start-time="2021-12-28 19:42:52Z" end-time="2021-12-28 19:42:52Z" duration="0.000066" asserts="1" />
            <test-case id="1100" name="ChallengeTest(371913,567)" fullname="Open_Lab_05._10.Tests.ChallengeTest(371913,567)" methodname="ChallengeTest" classname="Open_Lab_05._10.Tests" runstate="Runnable" seed="1130362626" result="Passed" start-time="2021-12-28 19:42:52Z" end-time="2021-12-28 19:42:52Z" duration="0.000067" asserts="1" />
          </test-suite>
        </test-suite>
      </test-suite>
    </test-suite>
  </test-suite>
</test-run>